<?xml version="1.0" encoding="UTF-8"?>
<!-- Generated by org.testng.reporters.JUnitReportReporter -->
<testsuite hostname="Raj" failures="0" tests="3" name="testCases.TC01_accountRegTest" time="11.427" errors="0" timestamp="2024-09-27T19:49:14 IST" skipped="0">
  <testcase classname="testCases.TC01_accountRegTest" name="verifyAccountReg" time="3.332"/>
  <testcase classname="testCases.TC01_accountRegTest" name="verifyAccountReg" time="5.798"/>
  <testcase classname="testCases.TC01_accountRegTest" name="verifyAccountReg" time="2.297"/>
</testsuite> <!-- testCases.TC01_accountRegTest -->
