<?xml version="1.0" encoding="UTF-8"?>
<!-- Generated by org.testng.reporters.JUnitReportReporter -->
<testsuite hostname="Raj" failures="0" tests="1" name="testCases.TC02_Login" time="4.213" errors="0" timestamp="2024-09-28T17:11:06 IST" skipped="0">
  <testcase classname="testCases.TC02_Login" name="verifyLogin" time="4.213"/>
</testsuite> <!-- testCases.TC02_Login -->
