<?xml version="1.0" encoding="UTF-8"?>
<!-- Generated by org.testng.reporters.JUnitReportReporter -->
<testsuite hostname="Raj" failures="0" tests="3" name="testCases.TC01_accountRegTest" time="16.062" errors="0" timestamp="2024-09-29T11:53:56 IST" skipped="0">
  <testcase classname="testCases.TC01_accountRegTest" name="verifyAccountReg" time="6.635"/>
  <testcase classname="testCases.TC01_accountRegTest" name="verifyAccountReg" time="6.797"/>
  <testcase classname="testCases.TC01_accountRegTest" name="verifyAccountReg" time="2.630"/>
</testsuite> <!-- testCases.TC01_accountRegTest -->
