<?xml version="1.0" encoding="UTF-8"?>
<!-- Generated by org.testng.reporters.JUnitReportReporter -->
<testsuite hostname="Raj" failures="0" tests="1" name="testCases.TC02_Login" time="4.959" errors="0" timestamp="2024-09-29T11:31:35 IST" skipped="0">
  <testcase classname="testCases.TC02_Login" name="verifyLogin" time="4.959"/>
</testsuite> <!-- testCases.TC02_Login -->
