<?xml version="1.0" encoding="UTF-8"?>
<!-- Generated by org.testng.reporters.JUnitReportReporter -->
<testsuite hostname="Raj" failures="0" tests="1" name="testCases.TC02_Login" time="2.025" errors="0" timestamp="2024-09-29T12:24:17 IST" skipped="0">
  <testcase classname="testCases.TC02_Login" name="verifyLogin" time="2.025"/>
</testsuite> <!-- testCases.TC02_Login -->
